
━━━ Bulk Reel Generation (Sourced) ━━━
Topics: 2
Target: 40 reels per topic


▸ Effective Communication (communication)
  Existing: 20, Needed: 20
  [remember] Reel 21/40... ✓
  [remember] Reel 22/40... ✓
  [remember] Reel 23/40... ✓
  [remember] Reel 24/40... ✓
  [remember] Reel 25/40... ✓
  [remember] Reel 26/40... ✓
  [remember] Reel 27/40... ✓
  [remember] Reel 28/40... ✓
  [understand] Reel 29/40... ✓
  [understand] Reel 30/40... ✓
  [understand] Reel 31/40... ✓
  [understand] Reel 32/40... ✓
  [understand] Reel 33/40... ✓
  [understand] Reel 34/40... ✓
  [understand] Reel 35/40... ✓
  [understand] Reel 36/40... ✓
  [apply] Reel 37/40... ✓
  [apply] Reel 38/40... ✓
  [apply] Reel 39/40... ✓
  [apply] Reel 40/40... ✓
  Generated 20 new reels (total: 40)

▸ Technical Writing (communication)
  Existing: 20, Needed: 20
  [remember] Reel 21/40... ✓
  [remember] Reel 22/40... ✓
  [remember] Reel 23/40... ✓
  [remember] Reel 24/40... ✓
  [remember] Reel 25/40... ✓
  [remember] Reel 26/40... ✓
  [remember] Reel 27/40... ✓
  [remember] Reel 28/40... ✓
  [understand] Reel 29/40... ✓
  [understand] Reel 30/40... ✓
  [understand] Reel 31/40... ✓
  [understand] Reel 32/40... ✓
  [understand] Reel 33/40... ✓
  [understand] Reel 34/40... ✓
  [understand] Reel 35/40... ✓
  [understand] Reel 36/40... ✓
  [apply] Reel 37/40... ✓
  [apply] Reel 38/40... ✓
  [apply] Reel 39/40... ✓
  [apply] Reel 40/40... ✓
  Generated 20 new reels (total: 40)

━━━ Complete ━━━
Total new reels: 40
Total reels in DB: 462
