
━━━ Bulk Reel Generation (Sourced) ━━━
Topics: 1
Target: 80 reels per topic


▸ Future of Work (future-of-work)
  Existing: 0, Needed: 80
  [remember] Reel 1/80... ✓
  [remember] Reel 2/80... ✓
  [remember] Reel 3/80... ✓
  [remember] Reel 4/80... ✓
  [remember] Reel 5/80... ✓
  [remember] Reel 6/80... ✓
  [remember] Reel 7/80... ✓
  [remember] Reel 8/80... ✓
  [remember] Reel 9/80... ✓
  [remember] Reel 10/80... ✓
  [remember] Reel 11/80... ✓
  [remember] Reel 12/80... ✓
  [remember] Reel 13/80... ✓
  [remember] Reel 14/80... ✓
  [remember] Reel 15/80... ✓
  [remember] Reel 16/80... ✓
  [understand] Reel 17/80... ✓
  [understand] Reel 18/80... ✓
  [understand] Reel 19/80... ✓
  [understand] Reel 20/80... ✓
  [understand] Reel 21/80... ✓
  [understand] Reel 22/80... ✓
  [understand] Reel 23/80... ✓
  [understand] Reel 24/80... ✓
  [understand] Reel 25/80... ✓
  [understand] Reel 26/80... ✓
  [understand] Reel 27/80... ✓
  [understand] Reel 28/80... ✓
  [understand] Reel 29/80... ✓
  [understand] Reel 30/80... ✓
  [understand] Reel 31/80... ✓
  [understand] Reel 32/80... ✓
  [apply] Reel 33/80... ✓
  [apply] Reel 34/80... ✓
  [apply] Reel 35/80... ✓
  [apply] Reel 36/80... ✓
  [apply] Reel 37/80... ✓
  [apply] Reel 38/80... ✓
  [apply] Reel 39/80... ✓
  [apply] Reel 40/80... ✓
  [apply] Reel 41/80... ✓
  [apply] Reel 42/80... ✓
  [apply] Reel 43/80... ✓
  [apply] Reel 44/80... ✓
  [apply] Reel 45/80... ✓
  [apply] Reel 46/80... ✓
  [apply] Reel 47/80... ✓
  [apply] Reel 48/80... ✓
  [analyze] Reel 49/80... ✓
  [analyze] Reel 50/80... ✓
  [analyze] Reel 51/80... ✓
  [analyze] Reel 52/80... ✓
  [analyze] Reel 53/80... ✓
  [analyze] Reel 54/80... ✓
  [analyze] Reel 55/80... ✓
  [analyze] Reel 56/80... ✓
  [analyze] Reel 57/80... ✓
  [analyze] Reel 58/80... ✓
  [analyze] Reel 59/80... ✓
  [analyze] Reel 60/80... ✓
  [evaluate] Reel 61/80... ✓
  [evaluate] Reel 62/80... ✓
  [evaluate] Reel 63/80... ✓
  [evaluate] Reel 64/80... ✓
  [evaluate] Reel 65/80... ✓
  [evaluate] Reel 66/80... ✓
  [evaluate] Reel 67/80... ✓
  [evaluate] Reel 68/80... ✓
  [evaluate] Reel 69/80... ✓
  [evaluate] Reel 70/80... ✓
  [evaluate] Reel 71/80... ✓
  [evaluate] Reel 72/80... ✓
  [create] Reel 73/80... ✓
  [create] Reel 74/80... ✓
  [create] Reel 75/80... ✓
  [create] Reel 76/80... ✓
  [create] Reel 77/80... ✓
  [create] Reel 78/80... ✓
  [create] Reel 79/80... ✓
  [create] Reel 80/80... ✓
  Generated 80 new reels (total: 80)

━━━ Complete ━━━
Total new reels: 80
Total reels in DB: 606
