
━━━ Bulk Reel Generation (Sourced) ━━━
Topics: 1
Target: 80 reels per topic


▸ AI Fluency (ai-fluency)
  Existing: 20, Needed: 60
  [remember] Reel 21/80... ✓
  [remember] Reel 22/80... ✓
  [remember] Reel 23/80... ✓
  [remember] Reel 24/80... ✓
  [remember] Reel 25/80... ✓
  [remember] Reel 26/80... ✓
  [remember] Reel 27/80... ✓
  [remember] Reel 28/80... ✓
  [remember] Reel 29/80... ✓
  [remember] Reel 30/80... ✓
  [remember] Reel 31/80... ✓
  [remember] Reel 32/80... ✓
  [remember] Reel 33/80... ✓
  [remember] Reel 34/80... ✓
  [remember] Reel 35/80... ✓
  [remember] Reel 36/80... ✓
  [understand] Reel 37/80... ✓
  [understand] Reel 38/80... ✓
  [understand] Reel 39/80... ✓
  [understand] Reel 40/80... ✓
  [understand] Reel 41/80... ✓
  [understand] Reel 42/80... ✓
  [understand] Reel 43/80... ✓
  [understand] Reel 44/80... ✓
  [understand] Reel 45/80... ✓
  [understand] Reel 46/80... ✓
  [understand] Reel 47/80... ✓
  [understand] Reel 48/80... ✓
  [understand] Reel 49/80... ✓
  [understand] Reel 50/80... ✓
  [understand] Reel 51/80... ✓
  [understand] Reel 52/80... ✓
  [apply] Reel 53/80... ✓
  [apply] Reel 54/80... ✓
  [apply] Reel 55/80... ✓
  [apply] Reel 56/80... ✓
  [apply] Reel 57/80... ✓
  [apply] Reel 58/80... ✓
  [apply] Reel 59/80... ✓
  [apply] Reel 60/80... ✓
  [apply] Reel 61/80... ✓
  [apply] Reel 62/80... ✓
  [apply] Reel 63/80... ✓
  [apply] Reel 64/80... ✓
  [apply] Reel 65/80... ✓
  [apply] Reel 66/80... ✓
  [apply] Reel 67/80... ✓
  [apply] Reel 68/80... ✓
  [analyze] Reel 69/80... ✓
  [analyze] Reel 70/80... ✓
  [analyze] Reel 71/80... ✓
  [analyze] Reel 72/80... ✓
  [analyze] Reel 73/80... ✓
  [analyze] Reel 74/80... ✓
  [analyze] Reel 75/80... ✓
  [analyze] Reel 76/80... ✓
  [analyze] Reel 77/80... ✓
  [analyze] Reel 78/80... ✓
  [analyze] Reel 79/80... ✓
  [analyze] Reel 80/80... ✓
  Generated 60 new reels (total: 80)

━━━ Complete ━━━
Total new reels: 60
Total reels in DB: 563
